
Circuit 2 cell sg13g2_dfrbp_1 is a black box; will not flatten Circuit 1
Warning: Equate pins:  cell sg13g2_dfrbp_1 is a placeholder, treated as a black box.

Subcircuit pins:
Circuit 1: sg13g2_dfrbp_1                  |Circuit 2: sg13g2_dfrbp_1                  
-------------------------------------------|-------------------------------------------
(no matching pin)                          |1                                          
(no matching pin)                          |2                                          
(no matching pin)                          |3                                          
(no matching pin)                          |4                                          
(no matching pin)                          |5                                          
(no matching pin)                          |6                                          
(no matching pin)                          |7                                          
---------------------------------------------------------------------------------------
Cell pin lists are equivalent.
Device classes sg13g2_dfrbp_1 and sg13g2_dfrbp_1 are equivalent.

Circuit 2 cell sg13g2_buf_1 is a black box; will not flatten Circuit 1
Warning: Equate pins:  cell sg13g2_buf_1 is a placeholder, treated as a black box.

Subcircuit pins:
Circuit 1: sg13g2_buf_1                    |Circuit 2: sg13g2_buf_1                    
-------------------------------------------|-------------------------------------------
(no matching pin)                          |1                                          
(no matching pin)                          |2                                          
(no matching pin)                          |3                                          
(no matching pin)                          |4                                          
---------------------------------------------------------------------------------------
Cell pin lists are equivalent.
Device classes sg13g2_buf_1 and sg13g2_buf_1 are equivalent.

Subcircuit summary:
Circuit 1: ShiftRegister                   |Circuit 2: ShiftRegister                   
-------------------------------------------|-------------------------------------------
sg13g2_dfrbp_1 (2)                         |sg13g2_dfrbp_1 (2)                         
sg13g2_buf_1 (4)                           |sg13g2_buf_1 (4)                           
Number of devices: 6                       |Number of devices: 6                       
Number of nets: 43                         |Number of nets: 43                         
---------------------------------------------------------------------------------------
NET mismatches: Class fragments follow (with fanout counts):
Circuit 1: ShiftRegister                   |Circuit 2: ShiftRegister                   

---------------------------------------------------------------------------------------
Net: VSS                                   |Net: VSS                                   
  sg13g2_dfrbp_1/VDD = 2                   |  sg13g2_dfrbp_1/7 = 2                     
  sg13g2_buf_1/VSS = 4                     |  sg13g2_buf_1/4 = 4                       
                                           |                                           
Net: VDD                                   |Net: VDD                                   
  sg13g2_dfrbp_1/Q_N = 2                   |  sg13g2_dfrbp_1/6 = 2                     
  sg13g2_buf_1/VDD = 4                     |  sg13g2_buf_1/3 = 4                       
---------------------------------------------------------------------------------------

---------------------------------------------------------------------------------------
Net: dummy_43                              |Net: dummy_43                              
  sg13g2_buf_1/proxy4 = 1                  |  sg13g2_buf_1/proxyVSS = 1                
                                           |                                           
Net: dummy_42                              |Net: dummy_42                              
  sg13g2_buf_1/proxy3 = 1                  |  sg13g2_buf_1/proxyVDD = 1                
                                           |                                           
Net: dummy_41                              |Net: dummy_41                              
  sg13g2_buf_1/proxy2 = 1                  |  sg13g2_buf_1/proxyX = 1                  
                                           |                                           
Net: dummy_40                              |Net: dummy_40                              
  sg13g2_buf_1/proxy1 = 1                  |  sg13g2_buf_1/proxyA = 1                  
                                           |                                           
Net: dummy_39                              |Net: dummy_39                              
  sg13g2_buf_1/proxy4 = 1                  |  sg13g2_buf_1/proxyVSS = 1                
                                           |                                           
Net: dummy_35                              |Net: dummy_35                              
  sg13g2_buf_1/proxy4 = 1                  |  sg13g2_buf_1/proxyVSS = 1                
                                           |                                           
Net: dummy_31                              |Net: dummy_31                              
  sg13g2_buf_1/proxy4 = 1                  |  sg13g2_buf_1/proxyVSS = 1                
                                           |                                           
Net: dummy_38                              |Net: dummy_38                              
  sg13g2_buf_1/proxy3 = 1                  |  sg13g2_buf_1/proxyVDD = 1                
                                           |                                           
Net: dummy_34                              |Net: dummy_34                              
  sg13g2_buf_1/proxy3 = 1                  |  sg13g2_buf_1/proxyVDD = 1                
                                           |                                           
Net: dummy_30                              |Net: dummy_30                              
  sg13g2_buf_1/proxy3 = 1                  |  sg13g2_buf_1/proxyVDD = 1                
                                           |                                           
Net: dummy_37                              |Net: dummy_37                              
  sg13g2_buf_1/proxy2 = 1                  |  sg13g2_buf_1/proxyX = 1                  
                                           |                                           
Net: dummy_33                              |Net: dummy_33                              
  sg13g2_buf_1/proxy2 = 1                  |  sg13g2_buf_1/proxyX = 1                  
                                           |                                           
Net: dummy_29                              |Net: dummy_29                              
  sg13g2_buf_1/proxy2 = 1                  |  sg13g2_buf_1/proxyX = 1                  
                                           |                                           
Net: dummy_36                              |Net: dummy_36                              
  sg13g2_buf_1/proxy1 = 1                  |  sg13g2_buf_1/proxyA = 1                  
                                           |                                           
Net: dummy_32                              |Net: dummy_32                              
  sg13g2_buf_1/proxy1 = 1                  |  sg13g2_buf_1/proxyA = 1                  
                                           |                                           
Net: dummy_28                              |Net: dummy_28                              
  sg13g2_buf_1/proxy1 = 1                  |  sg13g2_buf_1/proxyA = 1                  
                                           |                                           
Net: dummy_27                              |Net: dummy_27                              
  sg13g2_dfrbp_1/proxy7 = 1                |  sg13g2_dfrbp_1/proxyVDD = 1              
                                           |                                           
Net: dummy_26                              |Net: dummy_26                              
  sg13g2_dfrbp_1/proxy6 = 1                |  sg13g2_dfrbp_1/proxyQ_N = 1              
                                           |                                           
Net: dummy_25                              |Net: dummy_25                              
  sg13g2_dfrbp_1/proxy5 = 1                |  sg13g2_dfrbp_1/proxyRESET_B = 1          
                                           |                                           
Net: dummy_24                              |Net: dummy_24                              
  sg13g2_dfrbp_1/proxy4 = 1                |  sg13g2_dfrbp_1/proxyVSS = 1              
                                           |                                           
Net: dummy_23                              |Net: dummy_23                              
  sg13g2_dfrbp_1/proxy3 = 1                |  sg13g2_dfrbp_1/proxyCLK = 1              
                                           |                                           
Net: dummy_22                              |Net: dummy_22                              
  sg13g2_dfrbp_1/proxy2 = 1                |  sg13g2_dfrbp_1/proxyQ = 1                
                                           |                                           
Net: dummy_21                              |Net: dummy_21                              
  sg13g2_dfrbp_1/proxy1 = 1                |  sg13g2_dfrbp_1/proxyD = 1                
                                           |                                           
Net: dummy_20                              |Net: dummy_20                              
  sg13g2_dfrbp_1/proxy7 = 1                |  sg13g2_dfrbp_1/proxyVDD = 1              
                                           |                                           
Net: dummy_19                              |Net: dummy_19                              
  sg13g2_dfrbp_1/proxy6 = 1                |  sg13g2_dfrbp_1/proxyQ_N = 1              
                                           |                                           
Net: dummy_18                              |Net: dummy_18                              
  sg13g2_dfrbp_1/proxy5 = 1                |  sg13g2_dfrbp_1/proxyRESET_B = 1          
                                           |                                           
Net: dummy_17                              |Net: dummy_17                              
  sg13g2_dfrbp_1/proxy4 = 1                |  sg13g2_dfrbp_1/proxyVSS = 1              
                                           |                                           
Net: dummy_16                              |Net: dummy_16                              
  sg13g2_dfrbp_1/proxy3 = 1                |  sg13g2_dfrbp_1/proxyCLK = 1              
                                           |                                           
Net: dummy_15                              |Net: dummy_15                              
  sg13g2_dfrbp_1/proxy2 = 1                |  sg13g2_dfrbp_1/proxyQ = 1                
                                           |                                           
Net: dummy_14                              |Net: dummy_14                              
  sg13g2_dfrbp_1/proxy1 = 1                |  sg13g2_dfrbp_1/proxyD = 1                
                                           |                                           
Net: QOUT                                  |Net: QOUT                                  
  sg13g2_buf_1/A = 1                       |  sg13g2_buf_1/1 = 1                       
                                           |                                           
Net: sg13g2_dfrbp_1_1/Q_N                  |Net: net2                                  
  sg13g2_dfrbp_1/Q = 1                     |  sg13g2_dfrbp_1/2 = 1                     
                                           |                                           
Net: DIN                                   |Net: DIN                                   
  sg13g2_dfrbp_1/VSS = 1                   |  sg13g2_dfrbp_1/4 = 1                     
                                           |                                           
Net: sg13g2_dfrbp_1_0/Q_N                  |Net: net1                                  
  sg13g2_dfrbp_1/Q = 1                     |  sg13g2_dfrbp_1/2 = 1                     
---------------------------------------------------------------------------------------

---------------------------------------------------------------------------------------
Net: sg13g2_buf_1_3/A                      |Net: net5                                  
  sg13g2_buf_1/A = 1                       |  sg13g2_buf_1/1 = 1                       
  sg13g2_buf_1/X = 1                       |  sg13g2_buf_1/2 = 1                       
                                           |                                           
Net: sg13g2_buf_1_1/A                      |Net: net3                                  
  sg13g2_buf_1/A = 1                       |  sg13g2_buf_1/1 = 1                       
  sg13g2_buf_1/X = 1                       |  sg13g2_buf_1/2 = 1                       
                                           |                                           
Net: sg13g2_buf_1_1/X                      |Net: net4                                  
  sg13g2_dfrbp_1/VSS = 1                   |  sg13g2_dfrbp_1/4 = 1                     
  sg13g2_buf_1/A = 1                       |  sg13g2_buf_1/1 = 1                       
                                           |                                           
Net: Vg[1]                                 |Net: Vg[1]                                 
  sg13g2_dfrbp_1/D = 1                     |  sg13g2_dfrbp_1/1 = 1                     
  sg13g2_buf_1/X = 1                       |  sg13g2_buf_1/2 = 1                       
                                           |                                           
Net: RESET_B                               |Net: RESET_B                               
  sg13g2_dfrbp_1/RESET_B = 2               |  sg13g2_dfrbp_1/5 = 2                     
                                           |                                           
Net: CLK                                   |Net: CLK                                   
  sg13g2_dfrbp_1/CLK = 2                   |  sg13g2_dfrbp_1/3 = 2                     
                                           |                                           
Net: Vg[0]                                 |Net: Vg[0]                                 
  sg13g2_dfrbp_1/D = 1                     |  sg13g2_dfrbp_1/1 = 1                     
  sg13g2_buf_1/X = 1                       |  sg13g2_buf_1/2 = 1                       
---------------------------------------------------------------------------------------
DEVICE mismatches: Class fragments follow (with node fanout counts):
Circuit 1: ShiftRegister                   |Circuit 2: ShiftRegister                   

---------------------------------------------------------------------------------------
Instance: sg13g2_buf_1_3                   |Instance: sg13g2_buf_1:6                   
  A = 1                                    |  proxyA = 1                               
  X = 2                                    |  proxyX = 1                               
  VDD = 6                                  |  proxyVDD = 1                             
  VSS = 6                                  |  proxyVSS = 1                             
  proxy1 = 1                               |  1 = 1                                    
  proxy2 = 1                               |  2 = 2                                    
  proxy3 = 1                               |  3 = 6                                    
  proxy4 = 1                               |  4 = 6                                    
                                           |                                           
Instance: sg13g2_buf_1_2                   |Instance: sg13g2_buf_1:5                   
  A = 2                                    |  proxyA = 1                               
  X = 2                                    |  proxyX = 1                               
  VDD = 6                                  |  proxyVDD = 1                             
  VSS = 6                                  |  proxyVSS = 1                             
  proxy1 = 1                               |  1 = 2                                    
  proxy2 = 1                               |  2 = 2                                    
  proxy3 = 1                               |  3 = 6                                    
  proxy4 = 1                               |  4 = 6                                    
                                           |                                           
Instance: sg13g2_buf_1_1                   |Instance: sg13g2_buf_1:4                   
  A = 2                                    |  proxyA = 1                               
  X = 2                                    |  proxyX = 1                               
  VDD = 6                                  |  proxyVDD = 1                             
  VSS = 6                                  |  proxyVSS = 1                             
  proxy1 = 1                               |  1 = 2                                    
  proxy2 = 1                               |  2 = 2                                    
  proxy3 = 1                               |  3 = 6                                    
  proxy4 = 1                               |  4 = 6                                    
                                           |                                           
Instance: sg13g2_buf_1_0                   |Instance: sg13g2_buf_1:3                   
  A = 2                                    |  proxyA = 1                               
  X = 2                                    |  proxyX = 1                               
  VDD = 6                                  |  proxyVDD = 1                             
  VSS = 6                                  |  proxyVSS = 1                             
  proxy1 = 1                               |  1 = 2                                    
  proxy2 = 1                               |  2 = 2                                    
  proxy3 = 1                               |  3 = 6                                    
  proxy4 = 1                               |  4 = 6                                    
---------------------------------------------------------------------------------------

---------------------------------------------------------------------------------------
Instance: sg13g2_dfrbp_1_1                 |Instance: sg13g2_dfrbp_1:2                 
  D = 2                                    |  proxyD = 1                               
  Q = 1                                    |  proxyQ = 1                               
  CLK = 2                                  |  proxyCLK = 1                             
  VSS = 2                                  |  proxyVSS = 1                             
  RESET_B = 2                              |  proxyRESET_B = 1                         
  Q_N = 6                                  |  proxyQ_N = 1                             
  VDD = 6                                  |  proxyVDD = 1                             
  proxy1 = 1                               |  1 = 2                                    
  proxy2 = 1                               |  2 = 1                                    
  proxy3 = 1                               |  3 = 2                                    
  proxy4 = 1                               |  4 = 2                                    
  proxy5 = 1                               |  5 = 2                                    
  proxy6 = 1                               |  6 = 6                                    
  proxy7 = 1                               |  7 = 6                                    
                                           |                                           
Instance: sg13g2_dfrbp_1_0                 |Instance: sg13g2_dfrbp_1:1                 
  D = 2                                    |  proxyD = 1                               
  Q = 1                                    |  proxyQ = 1                               
  CLK = 2                                  |  proxyCLK = 1                             
  VSS = 1                                  |  proxyVSS = 1                             
  RESET_B = 2                              |  proxyRESET_B = 1                         
  Q_N = 6                                  |  proxyQ_N = 1                             
  VDD = 6                                  |  proxyVDD = 1                             
  proxy1 = 1                               |  1 = 2                                    
  proxy2 = 1                               |  2 = 1                                    
  proxy3 = 1                               |  3 = 2                                    
  proxy4 = 1                               |  4 = 1                                    
  proxy5 = 1                               |  5 = 2                                    
  proxy6 = 1                               |  6 = 6                                    
  proxy7 = 1                               |  7 = 6                                    
---------------------------------------------------------------------------------------
Netlists do not match.
Port matching may fail to disambiguate symmetries.

Subcircuit pins:
Circuit 1: ShiftRegister                   |Circuit 2: ShiftRegister                   
-------------------------------------------|-------------------------------------------
VSS                                        |VSS                                        
VDD                                        |VDD                                        
QOUT                                       |QOUT                                       
DIN                                        |DIN                                        
Vg[1]                                      |Vg[1]                                      
RESET_B                                    |RESET_B                                    
CLK                                        |CLK                                        
Vg[0]                                      |Vg[0]                                      
---------------------------------------------------------------------------------------
Cell pin lists are equivalent.
Device classes ShiftRegister and ShiftRegister are equivalent.

Final result: Netlists do not match.
Port matching may fail to disambiguate symmetries.
