
Subcircuit summary:
Circuit 1: ihp130_VinjNOR3                 |Circuit 2: ihp130_VinjNOR3                 
-------------------------------------------|-------------------------------------------
sg13_hv_pmos (3)                           |sg13_hv_pmos (3)                           
sg13_hv_nmos (3)                           |sg13_hv_nmos (3)                           
Number of devices: 6                       |Number of devices: 6                       
Number of nets: 8                          |Number of nets: 8                          
---------------------------------------------------------------------------------------
Netlists match uniquely.

Subcircuit pins:
Circuit 1: ihp130_VinjNOR3                 |Circuit 2: ihp130_VinjNOR3                 
-------------------------------------------|-------------------------------------------
GND                                        |GND                                        
VINJ                                       |VINJ                                       
Output                                     |Output                                     
Input[0]                                   |Input[0]                                   
Input[2]                                   |Input[2]                                   
Input[1]                                   |Input[1]                                   
---------------------------------------------------------------------------------------
Cell pin lists are equivalent.
Device classes ihp130_VinjNOR3 and ihp130_VinjNOR3 are equivalent.

Final result: Circuits match uniquely.
.
