
Circuit 2 cell sg13g2_nor2_2 is a black box; will not flatten Circuit 1
Class sg13g2_nor2_2 (0):  Merged 4 parallel devices.
Warning: Equate pins:  cell sg13g2_nor2_2 is a placeholder, treated as a black box.

Subcircuit pins:
Circuit 1: sg13g2_nor2_2                   |Circuit 2: sg13g2_nor2_2                   
-------------------------------------------|-------------------------------------------
(no matching pin)                          |1                                          
(no matching pin)                          |2                                          
(no matching pin)                          |3                                          
(no matching pin)                          |4                                          
(no matching pin)                          |5                                          
---------------------------------------------------------------------------------------
Cell pin lists are equivalent.
Device classes sg13g2_nor2_2 and sg13g2_nor2_2 are equivalent.

Circuit 2 cell sg13g2_and2_2 is a black box; will not flatten Circuit 1
Class sg13g2_and2_2 (0):  Merged 2 parallel devices.
Warning: Equate pins:  cell sg13g2_and2_2 is a placeholder, treated as a black box.

Subcircuit pins:
Circuit 1: sg13g2_and2_2                   |Circuit 2: sg13g2_and2_2                   
-------------------------------------------|-------------------------------------------
(no matching pin)                          |1                                          
(no matching pin)                          |2                                          
(no matching pin)                          |3                                          
(no matching pin)                          |4                                          
(no matching pin)                          |5                                          
---------------------------------------------------------------------------------------
Cell pin lists are equivalent.
Device classes sg13g2_and2_2 and sg13g2_and2_2 are equivalent.

Circuit 2 cell sg13g2_inv_2 is a black box; will not flatten Circuit 1
Class sg13g2_inv_2 (0):  Merged 2 parallel devices.
Warning: Equate pins:  cell sg13g2_inv_2 is a placeholder, treated as a black box.

Subcircuit pins:
Circuit 1: sg13g2_inv_2                    |Circuit 2: sg13g2_inv_2                    
-------------------------------------------|-------------------------------------------
(no matching pin)                          |1                                          
(no matching pin)                          |2                                          
(no matching pin)                          |3                                          
(no matching pin)                          |4                                          
---------------------------------------------------------------------------------------
Cell pin lists are equivalent.
Device classes sg13g2_inv_2 and sg13g2_inv_2 are equivalent.

Subcircuit summary:
Circuit 1: NonOvCLKGen                     |Circuit 2: NonOvCLKGen                     
-------------------------------------------|-------------------------------------------
sg13g2_nor2_2 (2)                          |sg13g2_nor2_2 (2)                          
sg13g2_and2_2 (2)                          |sg13g2_and2_2 (2)                          
sg13g2_inv_2 (5)                           |sg13g2_inv_2 (5)                           
Number of devices: 9                       |Number of devices: 9                       
Number of nets: 53                         |Number of nets: 53                         
---------------------------------------------------------------------------------------
NET mismatches: Class fragments follow (with fanout counts):
Circuit 1: NonOvCLKGen                     |Circuit 2: NonOvCLKGen                     

---------------------------------------------------------------------------------------
Net: dummy_53                              |Net: dummy_53                              
  sg13g2_inv_2/proxy4 = 1                  |  sg13g2_inv_2/proxyA = 1                  
                                           |                                           
Net: dummy_49                              |Net: dummy_49                              
  sg13g2_inv_2/proxy4 = 1                  |  sg13g2_inv_2/proxyA = 1                  
                                           |                                           
Net: dummy_52                              |Net: dummy_52                              
  sg13g2_inv_2/proxy3 = 1                  |  sg13g2_inv_2/proxyY = 1                  
                                           |                                           
Net: dummy_48                              |Net: dummy_48                              
  sg13g2_inv_2/proxy3 = 1                  |  sg13g2_inv_2/proxyY = 1                  
                                           |                                           
Net: dummy_51                              |Net: dummy_51                              
  sg13g2_inv_2/proxy2 = 1                  |  sg13g2_inv_2/proxyVDD = 1                
                                           |                                           
Net: dummy_47                              |Net: dummy_47                              
  sg13g2_inv_2/proxy2 = 1                  |  sg13g2_inv_2/proxyVDD = 1                
                                           |                                           
Net: dummy_50                              |Net: dummy_50                              
  sg13g2_inv_2/proxy1 = 1                  |  sg13g2_inv_2/proxyVSS = 1                
                                           |                                           
Net: dummy_46                              |Net: dummy_46                              
  sg13g2_inv_2/proxy1 = 1                  |  sg13g2_inv_2/proxyVSS = 1                
                                           |                                           
Net: dummy_45                              |Net: dummy_45                              
  sg13g2_inv_2/proxy4 = 1                  |  sg13g2_inv_2/proxyA = 1                  
                                           |                                           
Net: dummy_41                              |Net: dummy_41                              
  sg13g2_inv_2/proxy4 = 1                  |  sg13g2_inv_2/proxyA = 1                  
                                           |                                           
Net: dummy_37                              |Net: dummy_37                              
  sg13g2_inv_2/proxy4 = 1                  |  sg13g2_inv_2/proxyA = 1                  
                                           |                                           
Net: dummy_44                              |Net: dummy_44                              
  sg13g2_inv_2/proxy3 = 1                  |  sg13g2_inv_2/proxyY = 1                  
                                           |                                           
Net: dummy_40                              |Net: dummy_40                              
  sg13g2_inv_2/proxy3 = 1                  |  sg13g2_inv_2/proxyY = 1                  
                                           |                                           
Net: dummy_36                              |Net: dummy_36                              
  sg13g2_inv_2/proxy3 = 1                  |  sg13g2_inv_2/proxyY = 1                  
                                           |                                           
Net: dummy_43                              |Net: dummy_43                              
  sg13g2_inv_2/proxy2 = 1                  |  sg13g2_inv_2/proxyVDD = 1                
                                           |                                           
Net: dummy_39                              |Net: dummy_39                              
  sg13g2_inv_2/proxy2 = 1                  |  sg13g2_inv_2/proxyVDD = 1                
                                           |                                           
Net: dummy_35                              |Net: dummy_35                              
  sg13g2_inv_2/proxy2 = 1                  |  sg13g2_inv_2/proxyVDD = 1                
                                           |                                           
Net: dummy_42                              |Net: dummy_42                              
  sg13g2_inv_2/proxy1 = 1                  |  sg13g2_inv_2/proxyVSS = 1                
                                           |                                           
Net: dummy_38                              |Net: dummy_38                              
  sg13g2_inv_2/proxy1 = 1                  |  sg13g2_inv_2/proxyVSS = 1                
                                           |                                           
Net: dummy_34                              |Net: dummy_34                              
  sg13g2_inv_2/proxy1 = 1                  |  sg13g2_inv_2/proxyVSS = 1                
                                           |                                           
Net: dummy_33                              |Net: dummy_33                              
  sg13g2_and2_2/proxy5 = 1                 |  sg13g2_and2_2/proxyA = 1                 
                                           |                                           
Net: dummy_28                              |Net: dummy_28                              
  sg13g2_and2_2/proxy5 = 1                 |  sg13g2_and2_2/proxyA = 1                 
                                           |                                           
Net: dummy_32                              |Net: dummy_32                              
  sg13g2_and2_2/proxy4 = 1                 |  sg13g2_and2_2/proxyB = 1                 
                                           |                                           
Net: dummy_27                              |Net: dummy_27                              
  sg13g2_and2_2/proxy4 = 1                 |  sg13g2_and2_2/proxyB = 1                 
                                           |                                           
Net: dummy_31                              |Net: dummy_31                              
  sg13g2_and2_2/proxy3 = 1                 |  sg13g2_and2_2/proxyVDD = 1               
                                           |                                           
Net: dummy_26                              |Net: dummy_26                              
  sg13g2_and2_2/proxy3 = 1                 |  sg13g2_and2_2/proxyVDD = 1               
                                           |                                           
Net: dummy_30                              |Net: dummy_30                              
  sg13g2_and2_2/proxy2 = 1                 |  sg13g2_and2_2/proxyVSS = 1               
                                           |                                           
Net: dummy_25                              |Net: dummy_25                              
  sg13g2_and2_2/proxy2 = 1                 |  sg13g2_and2_2/proxyVSS = 1               
                                           |                                           
Net: dummy_29                              |Net: dummy_29                              
  sg13g2_and2_2/proxy1 = 1                 |  sg13g2_and2_2/proxyX = 1                 
                                           |                                           
Net: dummy_24                              |Net: dummy_24                              
  sg13g2_and2_2/proxy1 = 1                 |  sg13g2_and2_2/proxyX = 1                 
                                           |                                           
Net: dummy_23                              |Net: dummy_23                              
  sg13g2_nor2_2/proxy5 = 1                 |  sg13g2_nor2_2/proxyB = 1                 
                                           |                                           
Net: dummy_22                              |Net: dummy_22                              
  sg13g2_nor2_2/proxy4 = 1                 |  sg13g2_nor2_2/proxyVSS = 1               
                                           |                                           
Net: dummy_21                              |Net: dummy_21                              
  sg13g2_nor2_2/proxy3 = 1                 |  sg13g2_nor2_2/proxyY = 1                 
                                           |                                           
Net: dummy_20                              |Net: dummy_20                              
  sg13g2_nor2_2/proxy2 = 1                 |  sg13g2_nor2_2/proxyVDD = 1               
                                           |                                           
Net: dummy_19                              |Net: dummy_19                              
  sg13g2_nor2_2/proxy1 = 1                 |  sg13g2_nor2_2/proxyA = 1                 
                                           |                                           
Net: dummy_18                              |Net: dummy_18                              
  sg13g2_nor2_2/proxy5 = 1                 |  sg13g2_nor2_2/proxyB = 1                 
                                           |                                           
Net: dummy_17                              |Net: dummy_17                              
  sg13g2_nor2_2/proxy4 = 1                 |  sg13g2_nor2_2/proxyVSS = 1               
                                           |                                           
Net: dummy_16                              |Net: dummy_16                              
  sg13g2_nor2_2/proxy3 = 1                 |  sg13g2_nor2_2/proxyY = 1                 
                                           |                                           
Net: dummy_15                              |Net: dummy_15                              
  sg13g2_nor2_2/proxy2 = 1                 |  sg13g2_nor2_2/proxyVDD = 1               
                                           |                                           
Net: dummy_14                              |Net: dummy_14                              
  sg13g2_nor2_2/proxy1 = 1                 |  sg13g2_nor2_2/proxyA = 1                 
                                           |                                           
Net: CLKB                                  |Net: CLKB                                  
  sg13g2_and2_2/X = 1                      |  sg13g2_and2_2/1 = 1                      
                                           |                                           
Net: CLKA                                  |Net: CLKA                                  
  sg13g2_and2_2/X = 1                      |  sg13g2_and2_2/1 = 1                      
---------------------------------------------------------------------------------------

---------------------------------------------------------------------------------------
Net: sg13g2_inv_2_2/Y                      |Net: net3                                  
  sg13g2_and2_2/A = 1                      |  sg13g2_and2_2/2 = 1                      
  sg13g2_nor2_2/A = 1                      |  sg13g2_nor2_2/2 = 1                      
  sg13g2_inv_2/Y = 1                       |  sg13g2_inv_2/1 = 1                       
                                           |                                           
Net: sg13g2_inv_2_4/Y                      |Net: net4                                  
  sg13g2_nor2_2/B = 1                      |  sg13g2_and2_2/2 = 1                      
  sg13g2_and2_2/A = 1                      |  sg13g2_nor2_2/3 = 1                      
  sg13g2_inv_2/Y = 1                       |  sg13g2_inv_2/1 = 1                       
---------------------------------------------------------------------------------------

---------------------------------------------------------------------------------------
Net: VSS                                   |Net: VSS                                   
  sg13g2_nor2_2/VSS = 2                    |  sg13g2_and2_2/5 = 2                      
  sg13g2_and2_2/VSS = 2                    |  sg13g2_nor2_2/5 = 2                      
  sg13g2_inv_2/VSS = 5                     |  sg13g2_inv_2/4 = 5                       
                                           |                                           
Net: VDD                                   |Net: VDD                                   
  sg13g2_nor2_2/VDD = 2                    |  sg13g2_and2_2/4 = 2                      
  sg13g2_and2_2/VDD = 2                    |  sg13g2_nor2_2/4 = 2                      
  sg13g2_inv_2/VDD = 5                     |  sg13g2_inv_2/3 = 5                       
---------------------------------------------------------------------------------------

---------------------------------------------------------------------------------------
Net: sg13g2_inv_2_4/A                      |Net: net6                                  
  sg13g2_inv_2/Y = 1                       |  sg13g2_inv_2/1 = 1                       
  sg13g2_inv_2/A = 1                       |  sg13g2_inv_2/2 = 1                       
                                           |                                           
Net: sg13g2_inv_2_2/A                      |Net: net2                                  
  sg13g2_inv_2/Y = 1                       |  sg13g2_inv_2/1 = 1                       
  sg13g2_inv_2/A = 1                       |  sg13g2_inv_2/2 = 1                       
                                           |                                           
Net: CLK                                   |Net: CLK                                   
  sg13g2_nor2_2/B = 1                      |  sg13g2_nor2_2/3 = 1                      
  sg13g2_inv_2/A = 1                       |  sg13g2_inv_2/2 = 1                       
                                           |                                           
Net: sg13g2_inv_2_3/A                      |Net: net5                                  
  sg13g2_nor2_2/Y = 1                      |  sg13g2_nor2_2/1 = 1                      
  sg13g2_inv_2/A = 1                       |  sg13g2_inv_2/2 = 1                       
                                           |                                           
Net: sg13g2_inv_2_0/Y                      |Net: net7                                  
  sg13g2_nor2_2/A = 1                      |  sg13g2_nor2_2/2 = 1                      
  sg13g2_inv_2/Y = 1                       |  sg13g2_inv_2/1 = 1                       
                                           |                                           
Net: sg13g2_inv_2_1/A                      |Net: net1                                  
  sg13g2_nor2_2/Y = 1                      |  sg13g2_nor2_2/1 = 1                      
  sg13g2_inv_2/A = 1                       |  sg13g2_inv_2/2 = 1                       
                                           |                                           
Net: ENABLE                                |Net: ENABLE                                
  sg13g2_and2_2/B = 2                      |  sg13g2_and2_2/3 = 2                      
---------------------------------------------------------------------------------------
DEVICE mismatches: Class fragments follow (with node fanout counts):
Circuit 1: NonOvCLKGen                     |Circuit 2: NonOvCLKGen                     

---------------------------------------------------------------------------------------
Instance: sg13g2_inv_2:9                   |Instance: sg13g2_inv_2:9                   
  VSS = 9                                  |  proxyVSS = 1                             
  VDD = 9                                  |  proxyVDD = 1                             
  Y = 3                                    |  proxyY = 1                               
  A = 2                                    |  proxyA = 1                               
  proxy1 = 1                               |  1 = 3                                    
  proxy2 = 1                               |  2 = 2                                    
  proxy3 = 1                               |  3 = 9                                    
  proxy4 = 1                               |  4 = 9                                    
                                           |                                           
Instance: sg13g2_inv_2:5                   |Instance: sg13g2_inv_2:4                   
  VSS = 9                                  |  proxyVSS = 1                             
  VDD = 9                                  |  proxyVDD = 1                             
  Y = 2                                    |  proxyY = 1                               
  A = 2                                    |  proxyA = 1                               
  proxy1 = 1                               |  1 = 3                                    
  proxy2 = 1                               |  2 = 2                                    
  proxy3 = 1                               |  3 = 9                                    
  proxy4 = 1                               |  4 = 9                                    
                                           |                                           
Instance: sg13g2_inv_2:6                   |Instance: sg13g2_inv_2:2                   
  VSS = 9                                  |  proxyVSS = 1                             
  VDD = 9                                  |  proxyVDD = 1                             
  Y = 2                                    |  proxyY = 1                               
  A = 2                                    |  proxyA = 1                               
  proxy1 = 1                               |  1 = 2                                    
  proxy2 = 1                               |  2 = 2                                    
  proxy3 = 1                               |  3 = 9                                    
  proxy4 = 1                               |  4 = 9                                    
                                           |                                           
Instance: sg13g2_inv_2:8                   |Instance: sg13g2_inv_2:8                   
  VSS = 9                                  |  proxyVSS = 1                             
  VDD = 9                                  |  proxyVDD = 1                             
  Y = 2                                    |  proxyY = 1                               
  A = 2                                    |  proxyA = 1                               
  proxy1 = 1                               |  1 = 2                                    
  proxy2 = 1                               |  2 = 2                                    
  proxy3 = 1                               |  3 = 9                                    
  proxy4 = 1                               |  4 = 9                                    
                                           |                                           
Instance: sg13g2_inv_2:7                   |Instance: sg13g2_inv_2:7                   
  VSS = 9                                  |  proxyVSS = 1                             
  VDD = 9                                  |  proxyVDD = 1                             
  Y = 3                                    |  proxyY = 1                               
  A = 2                                    |  proxyA = 1                               
  proxy1 = 1                               |  1 = 2                                    
  proxy2 = 1                               |  2 = 2                                    
  proxy3 = 1                               |  3 = 9                                    
  proxy4 = 1                               |  4 = 9                                    
---------------------------------------------------------------------------------------

---------------------------------------------------------------------------------------
Instance: sg13g2_and2_2:4                  |Instance: sg13g2_and2_2:3                  
  X = 1                                    |  proxyX = 1                               
  VSS = 9                                  |  proxyVSS = 1                             
  VDD = 9                                  |  proxyVDD = 1                             
  B = 2                                    |  proxyB = 1                               
  A = 3                                    |  proxyA = 1                               
  proxy1 = 1                               |  1 = 1                                    
  proxy2 = 1                               |  2 = 3                                    
  proxy3 = 1                               |  3 = 2                                    
  proxy4 = 1                               |  4 = 9                                    
  proxy5 = 1                               |  5 = 9                                    
                                           |                                           
Instance: sg13g2_and2_2:2                  |Instance: sg13g2_and2_2:1                  
  X = 1                                    |  proxyX = 1                               
  VSS = 9                                  |  proxyVSS = 1                             
  VDD = 9                                  |  proxyVDD = 1                             
  B = 2                                    |  proxyB = 1                               
  A = 3                                    |  proxyA = 1                               
  proxy1 = 1                               |  1 = 1                                    
  proxy2 = 1                               |  2 = 3                                    
  proxy3 = 1                               |  3 = 2                                    
  proxy4 = 1                               |  4 = 9                                    
  proxy5 = 1                               |  5 = 9                                    
---------------------------------------------------------------------------------------

---------------------------------------------------------------------------------------
Instance: sg13g2_nor2_2:3                  |Instance: sg13g2_nor2_2:6                  
  A = 3                                    |  proxyA = 1                               
  VDD = 9                                  |  proxyVDD = 1                             
  Y = 2                                    |  proxyY = 1                               
  VSS = 9                                  |  proxyVSS = 1                             
  B = 2                                    |  proxyB = 1                               
  proxy1 = 1                               |  1 = 2                                    
  proxy2 = 1                               |  2 = 3                                    
  proxy3 = 1                               |  3 = 2                                    
  proxy4 = 1                               |  4 = 9                                    
  proxy5 = 1                               |  5 = 9                                    
                                           |                                           
Instance: sg13g2_nor2_2:1                  |Instance: sg13g2_nor2_2:5                  
  A = 2                                    |  proxyA = 1                               
  VDD = 9                                  |  proxyVDD = 1                             
  Y = 2                                    |  proxyY = 1                               
  VSS = 9                                  |  proxyVSS = 1                             
  B = 3                                    |  proxyB = 1                               
  proxy1 = 1                               |  1 = 2                                    
  proxy2 = 1                               |  2 = 2                                    
  proxy3 = 1                               |  3 = 3                                    
  proxy4 = 1                               |  4 = 9                                    
  proxy5 = 1                               |  5 = 9                                    
---------------------------------------------------------------------------------------
Netlists do not match.
Port matching may fail to disambiguate symmetries.

Subcircuit pins:
Circuit 1: NonOvCLKGen                     |Circuit 2: NonOvCLKGen                     
-------------------------------------------|-------------------------------------------
CLKB                                       |CLKB                                       
CLKA                                       |CLKA                                       
VSS                                        |VSS                                        
VDD                                        |VDD                                        
CLK                                        |CLK                                        
ENABLE                                     |(no pin, node is net7)                     
(no pin, node is sg13g2_inv_2_0/Y)         |ENABLE                                     
---------------------------------------------------------------------------------------
Cell pin lists for NonOvCLKGen and NonOvCLKGen altered to match.
Device classes NonOvCLKGen and NonOvCLKGen are equivalent.

Final result: Top level cell failed pin matching.
