
Circuit 1 cell rsil and Circuit 2 cell rsil are black boxes.
Warning: Equate pins:  cell rsil is a placeholder, treated as a black box.
Warning: Equate pins:  cell rsil is a placeholder, treated as a black box.

Subcircuit pins:
Circuit 1: rsil                            |Circuit 2: rsil                            
-------------------------------------------|-------------------------------------------
1                                          |1                                          
2                                          |2                                          
---------------------------------------------------------------------------------------
Cell pin lists are equivalent.
Device classes rsil and rsil are equivalent.

Class ihp130_Resistor_String (0):  Merged 3 series devices.
Class ihp130_resistor_string (1):  Merged 3 series devices.
Subcircuit summary:
Circuit 1: ihp130_Resistor_String          |Circuit 2: ihp130_resistor_string          
-------------------------------------------|-------------------------------------------
rsil (8->5)                                |rsil (8->5)                                
Number of devices: 5                       |Number of devices: 5                       
Number of nets: 6                          |Number of nets: 6                          
---------------------------------------------------------------------------------------
Resolving symmetries by property value.
Resolving symmetries by pin name.
Netlists match uniquely.

Subcircuit pins:
Circuit 1: ihp130_Resistor_String          |Circuit 2: ihp130_resistor_string          
-------------------------------------------|-------------------------------------------
VREFin                                     |VREFin                                     
VREFout                                    |VREFout                                    
Node[1]                                    |Node[1]                                    
Node[2]                                    |Node[2]                                    
Node[0]                                    |Node[0]                                    
Node[3]                                    |Node[3]                                    
---------------------------------------------------------------------------------------
Cell pin lists are equivalent.
Device classes ihp130_Resistor_String and ihp130_resistor_string are equivalent.

Final result: Circuits match uniquely.
.
